<?xml version="1.0" encoding="UTF-8"?>
<!-- Generated by org.testng.reporters.JUnitReportReporter -->
<testsuite hostname="LAPTOP-F7URK354" failures="0" tests="1" name="functional_test_cases.VerifySystemNavigatedToHospitalPage" time="12.732" errors="0" timestamp="2021-06-01T18:33:23 IST" skipped="0">
  <testcase classname="functional_test_cases.VerifySystemNavigatedToHospitalPage" name="clickHospital" time="12.732"/>
  <system-out/>
</testsuite> <!-- functional_test_cases.VerifySystemNavigatedToHospitalPage -->
