<?xml version="1.0" encoding="UTF-8"?>
<!-- Generated by org.testng.reporters.JUnitReportReporter -->
<testsuite hostname="LAPTOP-F7URK354" failures="0" tests="1" name="functional_test_cases.VerifyTitleOfThePage" time="15.428" errors="0" timestamp="2021-06-01T18:34:18 IST" skipped="0">
  <testcase classname="functional_test_cases.VerifyTitleOfThePage" name="titleVerification" time="15.428"/>
  <system-out/>
</testsuite> <!-- functional_test_cases.VerifyTitleOfThePage -->
