<?xml version="1.0" encoding="UTF-8"?>
<!-- Generated by org.testng.reporters.JUnitReportReporter -->
<testsuite hostname="LAPTOP-F7URK354" failures="0" tests="1" name="smoke_test_cases.TestingTheEntireFunctionalityOfOnlineServices" time="24.287" errors="0" timestamp="2021-06-01T18:42:39 IST" skipped="0">
  <testcase classname="smoke_test_cases.TestingTheEntireFunctionalityOfOnlineServices" name="buttonsOfOnlineServices" time="24.287"/>
  <system-out/>
</testsuite> <!-- smoke_test_cases.TestingTheEntireFunctionalityOfOnlineServices -->
