<?xml version="1.0" encoding="UTF-8"?>
<!-- Generated by org.testng.reporters.JUnitReportReporter -->
<testsuite hostname="LAPTOP-F7URK354" failures="0" tests="1" name="testcase.GettingText" time="8.052" errors="0" timestamp="2021-05-30T08:11:11 IST" skipped="0">
  <testcase classname="testcase.GettingText" name="elementsAreDisplayed" time="8.052"/>
  <system-out/>
</testsuite> <!-- testcase.GettingText -->
