<?xml version="1.0" encoding="UTF-8"?>
<!-- Generated by org.testng.reporters.JUnitReportReporter -->
<testsuite hostname="LAPTOP-F7URK354" failures="0" tests="1" name="integration_test_cases.PrintingBirthCertificate" time="67.733" errors="0" timestamp="2021-06-01T18:38:12 IST" skipped="0">
  <testcase classname="integration_test_cases.PrintingBirthCertificate" name="printBirthDetails" time="67.733"/>
  <system-out/>
</testsuite> <!-- integration_test_cases.PrintingBirthCertificate -->
